INFO 2024-10-23 09:35:10,711 views 34958 6137540608 Received GET request for user: d381adaa-7329-4df0-98fa-a774a1db1b95
INFO 2024-10-23 09:35:10,713 views 34958 6137540608 Attempting to retrieve details for user d381adaa-7329-4df0-98fa-a774a1db1b95
INFO 2024-10-23 09:35:10,718 views 34958 6137540608 Received GET request for user: d381adaa-7329-4df0-98fa-a774a1db1b95
INFO 2024-10-23 09:35:10,719 views 34958 6137540608 Attempting to retrieve details for user d381adaa-7329-4df0-98fa-a774a1db1b95
INFO 2024-10-23 09:35:14,484 views 34958 6137540608 Received GET request for user: d381adaa-7329-4df0-98fa-a774a1db1b95
INFO 2024-10-23 09:35:14,484 views 34958 6137540608 Attempting to retrieve details for user d381adaa-7329-4df0-98fa-a774a1db1b95
INFO 2024-10-23 09:35:14,488 views 34958 6137540608 Received GET request for user: d381adaa-7329-4df0-98fa-a774a1db1b95
INFO 2024-10-23 09:35:14,489 views 34958 6137540608 Attempting to retrieve details for user d381adaa-7329-4df0-98fa-a774a1db1b95
INFO 2024-10-23 09:35:34,625 views 34958 6137540608 Received GET request for user: d381adaa-7329-4df0-98fa-a774a1db1b95
INFO 2024-10-23 09:35:34,626 views 34958 6137540608 Attempting to retrieve details for user d381adaa-7329-4df0-98fa-a774a1db1b95
INFO 2024-10-23 09:35:34,633 views 34958 6137540608 Received GET request for user: d381adaa-7329-4df0-98fa-a774a1db1b95
INFO 2024-10-23 09:35:34,634 views 34958 6137540608 Attempting to retrieve details for user d381adaa-7329-4df0-98fa-a774a1db1b95
INFO 2024-10-23 09:43:07,139 views 35243 6187642880 Received GET request for user: a8e207e6-7a32-4325-9550-123f597cce58
INFO 2024-10-23 09:43:07,140 views 35243 6187642880 Attempting to retrieve details for user a8e207e6-7a32-4325-9550-123f597cce58
INFO 2024-10-23 09:43:07,147 views 35243 6187642880 Received GET request for user: a8e207e6-7a32-4325-9550-123f597cce58
INFO 2024-10-23 09:43:07,148 views 35243 6187642880 Attempting to retrieve details for user a8e207e6-7a32-4325-9550-123f597cce58
INFO 2024-10-23 09:43:07,172 views 35243 6187642880 Received GET request for user: a8e207e6-7a32-4325-9550-123f597cce58
INFO 2024-10-23 09:43:07,173 views 35243 6187642880 Attempting to retrieve details for user a8e207e6-7a32-4325-9550-123f597cce58
INFO 2024-10-23 09:43:07,181 views 35243 6187642880 Received GET request for user: a8e207e6-7a32-4325-9550-123f597cce58
INFO 2024-10-23 09:43:07,182 views 35243 6187642880 Attempting to retrieve details for user a8e207e6-7a32-4325-9550-123f597cce58
INFO 2024-10-23 09:43:31,071 views 35243 6170816512 Received PUT request for user: a8e207e6-7a32-4325-9550-123f597cce58
INFO 2024-10-23 09:43:31,072 views 35243 6170816512 Attempting to update details for user a8e207e6-7a32-4325-9550-123f597cce58
INFO 2024-10-23 09:43:31,073 views 35243 6170816512 Request data for updating user a8e207e6-7a32-4325-9550-123f597cce58: {'place': {'name': 'Royal Garden Cafe Aoyama', 'type': ['cafe', 'restaurant', 'food', 'point_of_interest', 'establishment'], 'location': {'lat': 35.6724029, 'lng': 139.7203794}, 'distance': '0.96 km', 'rating': 4, 'opening_hours': True}}
INFO 2024-10-23 09:43:31,073 views 35243 6170816512 Updated saving_places for user a8e207e6-7a32-4325-9550-123f597cce58: [{'name': 'Royal Garden Cafe Aoyama', 'type': ['cafe', 'restaurant', 'food', 'point_of_interest', 'establishment'], 'location': {'lat': 35.6724029, 'lng': 139.7203794}, 'distance': '0.96 km', 'rating': 4, 'opening_hours': True}]
INFO 2024-10-23 09:43:31,076 views 35243 6170816512 User a8e207e6-7a32-4325-9550-123f597cce58 details updated successfully
INFO 2024-10-23 09:43:41,902 views 35243 6170816512 Received GET request for user: a8e207e6-7a32-4325-9550-123f597cce58
INFO 2024-10-23 09:43:41,903 views 35243 6170816512 Attempting to retrieve details for user a8e207e6-7a32-4325-9550-123f597cce58
INFO 2024-10-23 09:43:41,908 views 35243 6170816512 Received GET request for user: a8e207e6-7a32-4325-9550-123f597cce58
INFO 2024-10-23 09:43:41,909 views 35243 6170816512 Attempting to retrieve details for user a8e207e6-7a32-4325-9550-123f597cce58
INFO 2024-10-23 09:46:00,557 views 35243 6170816512 Received GET request for user: a8e207e6-7a32-4325-9550-123f597cce58
INFO 2024-10-23 09:46:00,558 views 35243 6170816512 Attempting to retrieve details for user a8e207e6-7a32-4325-9550-123f597cce58
INFO 2024-10-23 09:46:00,565 views 35243 6170816512 Received GET request for user: a8e207e6-7a32-4325-9550-123f597cce58
INFO 2024-10-23 09:46:00,565 views 35243 6170816512 Attempting to retrieve details for user a8e207e6-7a32-4325-9550-123f597cce58
INFO 2024-10-23 09:46:00,571 views 35243 6170816512 Received GET request for user: a8e207e6-7a32-4325-9550-123f597cce58
INFO 2024-10-23 09:46:00,572 views 35243 6170816512 Attempting to retrieve details for user a8e207e6-7a32-4325-9550-123f597cce58
INFO 2024-10-23 09:46:00,578 views 35243 6170816512 Received GET request for user: a8e207e6-7a32-4325-9550-123f597cce58
INFO 2024-10-23 09:46:00,579 views 35243 6170816512 Attempting to retrieve details for user a8e207e6-7a32-4325-9550-123f597cce58
INFO 2024-10-23 09:46:34,364 views 35243 6170816512 Received GET request for user: a8e207e6-7a32-4325-9550-123f597cce58
INFO 2024-10-23 09:46:34,381 views 35243 6170816512 Attempting to retrieve details for user a8e207e6-7a32-4325-9550-123f597cce58
INFO 2024-10-23 09:46:34,405 views 35243 6170816512 Received GET request for user: a8e207e6-7a32-4325-9550-123f597cce58
INFO 2024-10-23 09:46:34,406 views 35243 6170816512 Attempting to retrieve details for user a8e207e6-7a32-4325-9550-123f597cce58
INFO 2024-10-23 09:46:34,413 views 35243 6170816512 Received GET request for user: a8e207e6-7a32-4325-9550-123f597cce58
INFO 2024-10-23 09:46:34,415 views 35243 6170816512 Attempting to retrieve details for user a8e207e6-7a32-4325-9550-123f597cce58
INFO 2024-10-23 09:46:34,421 views 35243 6170816512 Received GET request for user: a8e207e6-7a32-4325-9550-123f597cce58
INFO 2024-10-23 09:46:34,422 views 35243 6170816512 Attempting to retrieve details for user a8e207e6-7a32-4325-9550-123f597cce58
INFO 2024-10-23 09:47:44,680 views 35243 6170816512 Received GET request for user: a8e207e6-7a32-4325-9550-123f597cce58
INFO 2024-10-23 09:47:44,682 views 35243 6170816512 Attempting to retrieve details for user a8e207e6-7a32-4325-9550-123f597cce58
INFO 2024-10-23 09:47:44,691 views 35243 6170816512 Received GET request for user: a8e207e6-7a32-4325-9550-123f597cce58
INFO 2024-10-23 09:47:44,692 views 35243 6170816512 Attempting to retrieve details for user a8e207e6-7a32-4325-9550-123f597cce58
INFO 2024-10-23 09:47:44,701 views 35243 6170816512 Received GET request for user: a8e207e6-7a32-4325-9550-123f597cce58
INFO 2024-10-23 09:47:44,703 views 35243 6170816512 Attempting to retrieve details for user a8e207e6-7a32-4325-9550-123f597cce58
INFO 2024-10-23 09:47:44,721 views 35243 6170816512 Received GET request for user: a8e207e6-7a32-4325-9550-123f597cce58
INFO 2024-10-23 09:47:44,724 views 35243 6170816512 Attempting to retrieve details for user a8e207e6-7a32-4325-9550-123f597cce58
INFO 2024-10-23 09:48:10,018 views 35243 6170816512 Received GET request for user: a8e207e6-7a32-4325-9550-123f597cce58
INFO 2024-10-23 09:48:10,020 views 35243 6170816512 Attempting to retrieve details for user a8e207e6-7a32-4325-9550-123f597cce58
INFO 2024-10-23 09:48:10,029 views 35243 6170816512 Received GET request for user: a8e207e6-7a32-4325-9550-123f597cce58
INFO 2024-10-23 09:48:10,030 views 35243 6170816512 Attempting to retrieve details for user a8e207e6-7a32-4325-9550-123f597cce58
INFO 2024-10-23 09:48:10,038 views 35243 6170816512 Received GET request for user: a8e207e6-7a32-4325-9550-123f597cce58
INFO 2024-10-23 09:48:10,039 views 35243 6170816512 Attempting to retrieve details for user a8e207e6-7a32-4325-9550-123f597cce58
INFO 2024-10-23 09:48:10,045 views 35243 6170816512 Received GET request for user: a8e207e6-7a32-4325-9550-123f597cce58
INFO 2024-10-23 09:48:10,046 views 35243 6170816512 Attempting to retrieve details for user a8e207e6-7a32-4325-9550-123f597cce58
INFO 2024-10-23 09:48:15,092 views 35243 6170816512 Received GET request for user: a8e207e6-7a32-4325-9550-123f597cce58
INFO 2024-10-23 09:48:15,093 views 35243 6170816512 Attempting to retrieve details for user a8e207e6-7a32-4325-9550-123f597cce58
INFO 2024-10-23 09:48:15,096 views 35243 6170816512 Received GET request for user: a8e207e6-7a32-4325-9550-123f597cce58
INFO 2024-10-23 09:48:15,097 views 35243 6170816512 Attempting to retrieve details for user a8e207e6-7a32-4325-9550-123f597cce58
INFO 2024-10-23 09:48:15,101 views 35243 6170816512 Received GET request for user: a8e207e6-7a32-4325-9550-123f597cce58
INFO 2024-10-23 09:48:15,103 views 35243 6170816512 Attempting to retrieve details for user a8e207e6-7a32-4325-9550-123f597cce58
INFO 2024-10-23 09:48:15,107 views 35243 6170816512 Received GET request for user: a8e207e6-7a32-4325-9550-123f597cce58
INFO 2024-10-23 09:48:15,107 views 35243 6170816512 Attempting to retrieve details for user a8e207e6-7a32-4325-9550-123f597cce58
INFO 2024-10-23 09:49:02,468 views 35243 6170816512 Received GET request for user: a8e207e6-7a32-4325-9550-123f597cce58
INFO 2024-10-23 09:49:02,469 views 35243 6170816512 Attempting to retrieve details for user a8e207e6-7a32-4325-9550-123f597cce58
INFO 2024-10-23 09:49:02,492 views 35243 6170816512 Received GET request for user: a8e207e6-7a32-4325-9550-123f597cce58
INFO 2024-10-23 09:49:02,492 views 35243 6170816512 Attempting to retrieve details for user a8e207e6-7a32-4325-9550-123f597cce58
INFO 2024-10-23 09:49:02,496 views 35243 6170816512 Received GET request for user: a8e207e6-7a32-4325-9550-123f597cce58
INFO 2024-10-23 09:49:02,497 views 35243 6170816512 Attempting to retrieve details for user a8e207e6-7a32-4325-9550-123f597cce58
INFO 2024-10-23 09:49:02,500 views 35243 6170816512 Received GET request for user: a8e207e6-7a32-4325-9550-123f597cce58
INFO 2024-10-23 09:49:02,501 views 35243 6170816512 Attempting to retrieve details for user a8e207e6-7a32-4325-9550-123f597cce58
INFO 2024-10-23 09:49:07,103 views 35243 6170816512 Received GET request for user: a8e207e6-7a32-4325-9550-123f597cce58
INFO 2024-10-23 09:49:07,104 views 35243 6170816512 Attempting to retrieve details for user a8e207e6-7a32-4325-9550-123f597cce58
INFO 2024-10-23 09:49:07,107 views 35243 6170816512 Received GET request for user: a8e207e6-7a32-4325-9550-123f597cce58
INFO 2024-10-23 09:49:07,108 views 35243 6170816512 Attempting to retrieve details for user a8e207e6-7a32-4325-9550-123f597cce58
INFO 2024-10-23 09:49:07,112 views 35243 6170816512 Received GET request for user: a8e207e6-7a32-4325-9550-123f597cce58
INFO 2024-10-23 09:49:07,113 views 35243 6170816512 Attempting to retrieve details for user a8e207e6-7a32-4325-9550-123f597cce58
INFO 2024-10-23 09:49:07,117 views 35243 6170816512 Received GET request for user: a8e207e6-7a32-4325-9550-123f597cce58
INFO 2024-10-23 09:49:07,118 views 35243 6170816512 Attempting to retrieve details for user a8e207e6-7a32-4325-9550-123f597cce58
INFO 2024-10-23 09:49:10,034 views 35243 6170816512 Received GET request for user: a8e207e6-7a32-4325-9550-123f597cce58
INFO 2024-10-23 09:49:10,036 views 35243 6170816512 Attempting to retrieve details for user a8e207e6-7a32-4325-9550-123f597cce58
INFO 2024-10-23 09:49:10,039 views 35243 6170816512 Received GET request for user: a8e207e6-7a32-4325-9550-123f597cce58
INFO 2024-10-23 09:49:10,040 views 35243 6170816512 Attempting to retrieve details for user a8e207e6-7a32-4325-9550-123f597cce58
INFO 2024-10-23 09:49:10,046 views 35243 6170816512 Received GET request for user: a8e207e6-7a32-4325-9550-123f597cce58
INFO 2024-10-23 09:49:10,047 views 35243 6170816512 Attempting to retrieve details for user a8e207e6-7a32-4325-9550-123f597cce58
INFO 2024-10-23 09:49:10,054 views 35243 6170816512 Received GET request for user: a8e207e6-7a32-4325-9550-123f597cce58
INFO 2024-10-23 09:49:10,054 views 35243 6170816512 Attempting to retrieve details for user a8e207e6-7a32-4325-9550-123f597cce58
INFO 2024-10-23 09:49:18,854 views 35243 6170816512 Received GET request for user: a8e207e6-7a32-4325-9550-123f597cce58
INFO 2024-10-23 09:49:18,855 views 35243 6170816512 Attempting to retrieve details for user a8e207e6-7a32-4325-9550-123f597cce58
INFO 2024-10-23 09:49:18,859 views 35243 6170816512 Received GET request for user: a8e207e6-7a32-4325-9550-123f597cce58
INFO 2024-10-23 09:49:18,860 views 35243 6170816512 Attempting to retrieve details for user a8e207e6-7a32-4325-9550-123f597cce58
INFO 2024-10-23 09:49:18,865 views 35243 6170816512 Received GET request for user: a8e207e6-7a32-4325-9550-123f597cce58
INFO 2024-10-23 09:49:18,866 views 35243 6170816512 Attempting to retrieve details for user a8e207e6-7a32-4325-9550-123f597cce58
INFO 2024-10-23 09:49:18,871 views 35243 6170816512 Received GET request for user: a8e207e6-7a32-4325-9550-123f597cce58
INFO 2024-10-23 09:49:18,872 views 35243 6170816512 Attempting to retrieve details for user a8e207e6-7a32-4325-9550-123f597cce58
INFO 2024-10-23 09:49:24,340 views 35243 6170816512 Received GET request for user: a8e207e6-7a32-4325-9550-123f597cce58
INFO 2024-10-23 09:49:24,341 views 35243 6170816512 Attempting to retrieve details for user a8e207e6-7a32-4325-9550-123f597cce58
INFO 2024-10-23 09:49:24,345 views 35243 6170816512 Received GET request for user: a8e207e6-7a32-4325-9550-123f597cce58
INFO 2024-10-23 09:49:24,345 views 35243 6170816512 Attempting to retrieve details for user a8e207e6-7a32-4325-9550-123f597cce58
INFO 2024-10-23 09:49:24,351 views 35243 6170816512 Received GET request for user: a8e207e6-7a32-4325-9550-123f597cce58
INFO 2024-10-23 09:49:24,352 views 35243 6170816512 Attempting to retrieve details for user a8e207e6-7a32-4325-9550-123f597cce58
INFO 2024-10-23 09:49:24,362 views 35243 6170816512 Received GET request for user: a8e207e6-7a32-4325-9550-123f597cce58
INFO 2024-10-23 09:49:24,363 views 35243 6170816512 Attempting to retrieve details for user a8e207e6-7a32-4325-9550-123f597cce58
INFO 2024-10-23 09:49:31,491 views 35243 6170816512 Received GET request for user: a8e207e6-7a32-4325-9550-123f597cce58
INFO 2024-10-23 09:49:31,492 views 35243 6170816512 Attempting to retrieve details for user a8e207e6-7a32-4325-9550-123f597cce58
INFO 2024-10-23 09:49:31,497 views 35243 6170816512 Received GET request for user: a8e207e6-7a32-4325-9550-123f597cce58
INFO 2024-10-23 09:49:31,499 views 35243 6170816512 Attempting to retrieve details for user a8e207e6-7a32-4325-9550-123f597cce58
INFO 2024-10-23 09:49:31,504 views 35243 6170816512 Received GET request for user: a8e207e6-7a32-4325-9550-123f597cce58
INFO 2024-10-23 09:49:31,506 views 35243 6170816512 Attempting to retrieve details for user a8e207e6-7a32-4325-9550-123f597cce58
INFO 2024-10-23 09:49:31,510 views 35243 6170816512 Received GET request for user: a8e207e6-7a32-4325-9550-123f597cce58
INFO 2024-10-23 09:49:31,511 views 35243 6170816512 Attempting to retrieve details for user a8e207e6-7a32-4325-9550-123f597cce58
INFO 2024-10-23 09:49:34,128 views 35243 6170816512 Received GET request for user: a8e207e6-7a32-4325-9550-123f597cce58
INFO 2024-10-23 09:49:34,130 views 35243 6170816512 Attempting to retrieve details for user a8e207e6-7a32-4325-9550-123f597cce58
INFO 2024-10-23 09:49:34,137 views 35243 6170816512 Received GET request for user: a8e207e6-7a32-4325-9550-123f597cce58
INFO 2024-10-23 09:49:34,138 views 35243 6170816512 Attempting to retrieve details for user a8e207e6-7a32-4325-9550-123f597cce58
INFO 2024-10-23 09:49:34,144 views 35243 6170816512 Received GET request for user: a8e207e6-7a32-4325-9550-123f597cce58
INFO 2024-10-23 09:49:34,145 views 35243 6170816512 Attempting to retrieve details for user a8e207e6-7a32-4325-9550-123f597cce58
INFO 2024-10-23 09:49:34,149 views 35243 6170816512 Received GET request for user: a8e207e6-7a32-4325-9550-123f597cce58
INFO 2024-10-23 09:49:34,150 views 35243 6170816512 Attempting to retrieve details for user a8e207e6-7a32-4325-9550-123f597cce58
INFO 2024-10-23 09:49:36,729 views 35243 6170816512 Received GET request for user: a8e207e6-7a32-4325-9550-123f597cce58
INFO 2024-10-23 09:49:36,730 views 35243 6170816512 Attempting to retrieve details for user a8e207e6-7a32-4325-9550-123f597cce58
INFO 2024-10-23 09:49:36,734 views 35243 6170816512 Received GET request for user: a8e207e6-7a32-4325-9550-123f597cce58
INFO 2024-10-23 09:49:36,735 views 35243 6170816512 Attempting to retrieve details for user a8e207e6-7a32-4325-9550-123f597cce58
INFO 2024-10-23 09:49:36,738 views 35243 6170816512 Received GET request for user: a8e207e6-7a32-4325-9550-123f597cce58
INFO 2024-10-23 09:49:36,746 views 35243 6170816512 Attempting to retrieve details for user a8e207e6-7a32-4325-9550-123f597cce58
INFO 2024-10-23 09:49:36,771 views 35243 6170816512 Received GET request for user: a8e207e6-7a32-4325-9550-123f597cce58
INFO 2024-10-23 09:49:36,772 views 35243 6170816512 Attempting to retrieve details for user a8e207e6-7a32-4325-9550-123f597cce58
INFO 2024-10-23 09:49:47,281 views 35243 6170816512 Received GET request for user: a8e207e6-7a32-4325-9550-123f597cce58
INFO 2024-10-23 09:49:47,282 views 35243 6170816512 Attempting to retrieve details for user a8e207e6-7a32-4325-9550-123f597cce58
INFO 2024-10-23 09:49:47,288 views 35243 6170816512 Received GET request for user: a8e207e6-7a32-4325-9550-123f597cce58
INFO 2024-10-23 09:49:47,288 views 35243 6170816512 Attempting to retrieve details for user a8e207e6-7a32-4325-9550-123f597cce58
INFO 2024-10-23 09:49:47,292 views 35243 6170816512 Received GET request for user: a8e207e6-7a32-4325-9550-123f597cce58
INFO 2024-10-23 09:49:47,293 views 35243 6170816512 Attempting to retrieve details for user a8e207e6-7a32-4325-9550-123f597cce58
INFO 2024-10-23 09:49:47,295 views 35243 6170816512 Received GET request for user: a8e207e6-7a32-4325-9550-123f597cce58
INFO 2024-10-23 09:49:47,296 views 35243 6170816512 Attempting to retrieve details for user a8e207e6-7a32-4325-9550-123f597cce58
INFO 2024-10-23 09:49:51,870 views 35243 6170816512 Received GET request for user: a8e207e6-7a32-4325-9550-123f597cce58
INFO 2024-10-23 09:49:51,871 views 35243 6170816512 Attempting to retrieve details for user a8e207e6-7a32-4325-9550-123f597cce58
INFO 2024-10-23 09:49:51,874 views 35243 6170816512 Received GET request for user: a8e207e6-7a32-4325-9550-123f597cce58
INFO 2024-10-23 09:49:51,875 views 35243 6170816512 Attempting to retrieve details for user a8e207e6-7a32-4325-9550-123f597cce58
INFO 2024-10-23 09:49:51,878 views 35243 6170816512 Received GET request for user: a8e207e6-7a32-4325-9550-123f597cce58
INFO 2024-10-23 09:49:51,879 views 35243 6170816512 Attempting to retrieve details for user a8e207e6-7a32-4325-9550-123f597cce58
INFO 2024-10-23 09:49:51,912 views 35243 6170816512 Received GET request for user: a8e207e6-7a32-4325-9550-123f597cce58
INFO 2024-10-23 09:49:51,913 views 35243 6170816512 Attempting to retrieve details for user a8e207e6-7a32-4325-9550-123f597cce58
INFO 2024-10-23 09:49:54,603 views 35243 6170816512 Received GET request for user: a8e207e6-7a32-4325-9550-123f597cce58
INFO 2024-10-23 09:49:54,606 views 35243 6170816512 Attempting to retrieve details for user a8e207e6-7a32-4325-9550-123f597cce58
INFO 2024-10-23 09:49:54,625 views 35243 6170816512 Received GET request for user: a8e207e6-7a32-4325-9550-123f597cce58
INFO 2024-10-23 09:49:54,626 views 35243 6170816512 Attempting to retrieve details for user a8e207e6-7a32-4325-9550-123f597cce58
INFO 2024-10-23 09:49:54,634 views 35243 6170816512 Received GET request for user: a8e207e6-7a32-4325-9550-123f597cce58
INFO 2024-10-23 09:49:54,641 views 35243 6170816512 Attempting to retrieve details for user a8e207e6-7a32-4325-9550-123f597cce58
INFO 2024-10-23 09:49:54,653 views 35243 6170816512 Received GET request for user: a8e207e6-7a32-4325-9550-123f597cce58
INFO 2024-10-23 09:49:54,653 views 35243 6170816512 Attempting to retrieve details for user a8e207e6-7a32-4325-9550-123f597cce58
INFO 2024-10-23 09:52:21,879 views 35243 6170816512 Received GET request for user: a8e207e6-7a32-4325-9550-123f597cce58
INFO 2024-10-23 09:52:21,879 views 35243 6170816512 Attempting to retrieve details for user a8e207e6-7a32-4325-9550-123f597cce58
INFO 2024-10-23 09:52:21,883 views 35243 6170816512 Received GET request for user: a8e207e6-7a32-4325-9550-123f597cce58
INFO 2024-10-23 09:52:21,883 views 35243 6170816512 Attempting to retrieve details for user a8e207e6-7a32-4325-9550-123f597cce58
INFO 2024-10-23 09:56:25,404 views 35243 6170816512 Received PUT request for user: a8e207e6-7a32-4325-9550-123f597cce58
INFO 2024-10-23 09:56:25,406 views 35243 6170816512 Attempting to update details for user a8e207e6-7a32-4325-9550-123f597cce58
INFO 2024-10-23 09:56:25,407 views 35243 6170816512 Request data for updating user a8e207e6-7a32-4325-9550-123f597cce58: {'place': {'name': 'Royal Garden Cafe Aoyama', 'type': ['cafe', 'restaurant', 'point_of_interest', 'food', 'establishment'], 'location': {'lat': 35.6724029, 'lng': 139.7203794}, 'distance': '0.97 km', 'rating': 4, 'opening_hours': True}}
INFO 2024-10-23 09:56:25,407 views 35243 6170816512 Updated saving_places for user a8e207e6-7a32-4325-9550-123f597cce58: [{'name': 'Royal Garden Cafe Aoyama', 'type': ['cafe', 'restaurant', 'food', 'point_of_interest', 'establishment'], 'location': {'lat': 35.6724029, 'lng': 139.7203794}, 'distance': '0.96 km', 'rating': 4, 'opening_hours': True}, {'name': 'Royal Garden Cafe Aoyama', 'type': ['cafe', 'restaurant', 'point_of_interest', 'food', 'establishment'], 'location': {'lat': 35.6724029, 'lng': 139.7203794}, 'distance': '0.97 km', 'rating': 4, 'opening_hours': True}]
INFO 2024-10-23 09:56:25,416 views 35243 6170816512 User a8e207e6-7a32-4325-9550-123f597cce58 details updated successfully
INFO 2024-10-23 09:56:40,634 views 35243 6170816512 Received GET request for user: a8e207e6-7a32-4325-9550-123f597cce58
INFO 2024-10-23 09:56:40,635 views 35243 6170816512 Attempting to retrieve details for user a8e207e6-7a32-4325-9550-123f597cce58
INFO 2024-10-23 09:56:40,641 views 35243 6170816512 Received GET request for user: a8e207e6-7a32-4325-9550-123f597cce58
INFO 2024-10-23 09:56:40,643 views 35243 6170816512 Attempting to retrieve details for user a8e207e6-7a32-4325-9550-123f597cce58
INFO 2024-10-23 09:56:54,279 views 35243 6170816512 Received GET request for user: a8e207e6-7a32-4325-9550-123f597cce58
INFO 2024-10-23 09:56:54,280 views 35243 6170816512 Attempting to retrieve details for user a8e207e6-7a32-4325-9550-123f597cce58
INFO 2024-10-23 09:56:54,282 views 35243 6170816512 Received GET request for user: a8e207e6-7a32-4325-9550-123f597cce58
INFO 2024-10-23 09:56:54,283 views 35243 6170816512 Attempting to retrieve details for user a8e207e6-7a32-4325-9550-123f597cce58
INFO 2024-10-23 09:56:54,289 views 35243 6170816512 Received GET request for user: a8e207e6-7a32-4325-9550-123f597cce58
INFO 2024-10-23 09:56:54,291 views 35243 6170816512 Attempting to retrieve details for user a8e207e6-7a32-4325-9550-123f597cce58
INFO 2024-10-23 09:56:54,296 views 35243 6170816512 Received GET request for user: a8e207e6-7a32-4325-9550-123f597cce58
INFO 2024-10-23 09:56:54,296 views 35243 6170816512 Attempting to retrieve details for user a8e207e6-7a32-4325-9550-123f597cce58
INFO 2024-10-23 09:56:56,858 views 35243 6170816512 Received GET request for user: a8e207e6-7a32-4325-9550-123f597cce58
INFO 2024-10-23 09:56:56,858 views 35243 6170816512 Attempting to retrieve details for user a8e207e6-7a32-4325-9550-123f597cce58
INFO 2024-10-23 09:56:56,861 views 35243 6170816512 Received GET request for user: a8e207e6-7a32-4325-9550-123f597cce58
INFO 2024-10-23 09:56:56,862 views 35243 6170816512 Attempting to retrieve details for user a8e207e6-7a32-4325-9550-123f597cce58
INFO 2024-10-23 09:57:12,333 views 35243 6170816512 providing all eyalwork0@gmail.com conversations
INFO 2024-10-23 09:57:12,336 views 35243 6170816512 providing all eyalwork0@gmail.com conversations
INFO 2024-10-23 10:02:25,530 views 35243 6170816512 Received GET request for user: a8e207e6-7a32-4325-9550-123f597cce58
INFO 2024-10-23 10:02:25,531 views 35243 6170816512 Attempting to retrieve details for user a8e207e6-7a32-4325-9550-123f597cce58
INFO 2024-10-23 10:02:25,533 views 35243 6170816512 Received GET request for user: a8e207e6-7a32-4325-9550-123f597cce58
INFO 2024-10-23 10:02:25,534 views 35243 6170816512 Attempting to retrieve details for user a8e207e6-7a32-4325-9550-123f597cce58
INFO 2024-10-23 10:02:25,537 views 35243 6170816512 Received GET request for user: a8e207e6-7a32-4325-9550-123f597cce58
INFO 2024-10-23 10:02:25,538 views 35243 6170816512 Attempting to retrieve details for user a8e207e6-7a32-4325-9550-123f597cce58
INFO 2024-10-23 10:02:25,547 views 35243 6170816512 Received GET request for user: a8e207e6-7a32-4325-9550-123f597cce58
INFO 2024-10-23 10:02:25,548 views 35243 6170816512 Attempting to retrieve details for user a8e207e6-7a32-4325-9550-123f597cce58
INFO 2024-10-23 10:08:04,597 views 35654 6155431936 Received GET request for user: a8e207e6-7a32-4325-9550-123f597cce58
INFO 2024-10-23 10:08:04,598 views 35654 6155431936 Attempting to retrieve details for user a8e207e6-7a32-4325-9550-123f597cce58
INFO 2024-10-23 10:08:04,602 views 35654 6155431936 Received GET request for user: a8e207e6-7a32-4325-9550-123f597cce58
INFO 2024-10-23 10:08:04,602 views 35654 6155431936 Attempting to retrieve details for user a8e207e6-7a32-4325-9550-123f597cce58
INFO 2024-10-23 10:08:04,605 views 35654 6155431936 Received GET request for user: a8e207e6-7a32-4325-9550-123f597cce58
INFO 2024-10-23 10:08:04,606 views 35654 6155431936 Attempting to retrieve details for user a8e207e6-7a32-4325-9550-123f597cce58
INFO 2024-10-23 10:08:04,609 views 35654 6155431936 Received GET request for user: a8e207e6-7a32-4325-9550-123f597cce58
INFO 2024-10-23 10:08:04,610 views 35654 6155431936 Attempting to retrieve details for user a8e207e6-7a32-4325-9550-123f597cce58
INFO 2024-10-23 15:57:23,286 views 36903 6189068288 Received GET request for user: a8e207e6-7a32-4325-9550-123f597cce58
INFO 2024-10-23 15:57:23,287 views 36903 6189068288 Attempting to retrieve details for user a8e207e6-7a32-4325-9550-123f597cce58
INFO 2024-10-23 15:57:23,290 views 36903 6189068288 Received GET request for user: a8e207e6-7a32-4325-9550-123f597cce58
INFO 2024-10-23 15:57:23,291 views 36903 6189068288 Attempting to retrieve details for user a8e207e6-7a32-4325-9550-123f597cce58
INFO 2024-10-23 15:57:23,293 views 36903 6189068288 Received GET request for user: a8e207e6-7a32-4325-9550-123f597cce58
INFO 2024-10-23 15:57:23,294 views 36903 6189068288 Attempting to retrieve details for user a8e207e6-7a32-4325-9550-123f597cce58
INFO 2024-10-23 15:57:23,296 views 36903 6189068288 Received GET request for user: a8e207e6-7a32-4325-9550-123f597cce58
INFO 2024-10-23 15:57:23,297 views 36903 6189068288 Attempting to retrieve details for user a8e207e6-7a32-4325-9550-123f597cce58
INFO 2024-10-23 15:58:15,399 views 36934 6155595776 Received GET request for user: a8e207e6-7a32-4325-9550-123f597cce58
INFO 2024-10-23 15:58:15,400 views 36934 6155595776 Attempting to retrieve details for user a8e207e6-7a32-4325-9550-123f597cce58
INFO 2024-10-23 15:58:15,407 views 36934 6155595776 Received GET request for user: a8e207e6-7a32-4325-9550-123f597cce58
INFO 2024-10-23 15:58:15,410 views 36934 6155595776 Attempting to retrieve details for user a8e207e6-7a32-4325-9550-123f597cce58
